Determining if the pthread_create exist failed with the following output:
Change Dir: /home/w/Desktop/InfiniTAM/build/CMakeFiles/CMakeTmp

Run Build Command:"/usr/bin/make" "cmTC_310cd/fast"
/usr/bin/make -f CMakeFiles/cmTC_310cd.dir/build.make CMakeFiles/cmTC_310cd.dir/build
make[1]: Entering directory '/home/w/Desktop/InfiniTAM/build/CMakeFiles/CMakeTmp'
Building C object CMakeFiles/cmTC_310cd.dir/CheckSymbolExists.c.o
/usr/bin/cc    -fPIC    -o CMakeFiles/cmTC_310cd.dir/CheckSymbolExists.c.o   -c /home/w/Desktop/InfiniTAM/build/CMakeFiles/CMakeTmp/CheckSymbolExists.c
Linking C executable cmTC_310cd
/usr/bin/cmake -E cmake_link_script CMakeFiles/cmTC_310cd.dir/link.txt --verbose=1
/usr/bin/cc  -fPIC     CMakeFiles/cmTC_310cd.dir/CheckSymbolExists.c.o  -o cmTC_310cd -rdynamic 
CMakeFiles/cmTC_310cd.dir/CheckSymbolExists.c.o：在函数‘main’中：
CheckSymbolExists.c:(.text+0x1b)：对‘pthread_create’未定义的引用
collect2: error: ld returned 1 exit status
CMakeFiles/cmTC_310cd.dir/build.make:97: recipe for target 'cmTC_310cd' failed
make[1]: *** [cmTC_310cd] Error 1
make[1]: Leaving directory '/home/w/Desktop/InfiniTAM/build/CMakeFiles/CMakeTmp'
Makefile:126: recipe for target 'cmTC_310cd/fast' failed
make: *** [cmTC_310cd/fast] Error 2

File /home/w/Desktop/InfiniTAM/build/CMakeFiles/CMakeTmp/CheckSymbolExists.c:
/* */
#include <pthread.h>

int main(int argc, char** argv)
{
  (void)argv;
#ifndef pthread_create
  return ((int*)(&pthread_create))[argc];
#else
  (void)argc;
  return 0;
#endif
}

Determining if the function pthread_create exists in the pthreads failed with the following output:
Change Dir: /home/w/Desktop/InfiniTAM/build/CMakeFiles/CMakeTmp

Run Build Command:"/usr/bin/make" "cmTC_426f8/fast"
/usr/bin/make -f CMakeFiles/cmTC_426f8.dir/build.make CMakeFiles/cmTC_426f8.dir/build
make[1]: Entering directory '/home/w/Desktop/InfiniTAM/build/CMakeFiles/CMakeTmp'
Building C object CMakeFiles/cmTC_426f8.dir/CheckFunctionExists.c.o
/usr/bin/cc    -fPIC -DCHECK_FUNCTION_EXISTS=pthread_create   -o CMakeFiles/cmTC_426f8.dir/CheckFunctionExists.c.o   -c /usr/share/cmake-3.5/Modules/CheckFunctionExists.c
Linking C executable cmTC_426f8
/usr/bin/cmake -E cmake_link_script CMakeFiles/cmTC_426f8.dir/link.txt --verbose=1
/usr/bin/cc  -fPIC -DCHECK_FUNCTION_EXISTS=pthread_create    CMakeFiles/cmTC_426f8.dir/CheckFunctionExists.c.o  -o cmTC_426f8 -rdynamic -lpthreads 
/usr/bin/ld: 找不到 -lpthreads
collect2: error: ld returned 1 exit status
CMakeFiles/cmTC_426f8.dir/build.make:97: recipe for target 'cmTC_426f8' failed
make[1]: *** [cmTC_426f8] Error 1
make[1]: Leaving directory '/home/w/Desktop/InfiniTAM/build/CMakeFiles/CMakeTmp'
Makefile:126: recipe for target 'cmTC_426f8/fast' failed
make: *** [cmTC_426f8/fast] Error 2


